{"name": "Test Connection Page Functionality", "status": "broken", "statusDetails": {"message": "selenium.common.exceptions.NoSuchElementException: Message: Unable to locate element: /html/body/div[5]/div[3]/div/div/div[2]/div/div/div/div/div[1]/div[2]/div/ul/li/a/div; For documentation on this error, please visit: https://www.selenium.dev/documentation/webdriver/troubleshooting/errors#no-such-element-exception\nStacktrace:\nRemoteError@chrome://remote/content/shared/RemoteError.sys.mjs:8:8\nWebDriverError@chrome://remote/content/shared/webdriver/Errors.sys.mjs:191:5\nNoSuchElementError@chrome://remote/content/shared/webdriver/Errors.sys.mjs:509:5\ndom.find/</<@chrome://remote/content/shared/DOM.sys.mjs:136:16", "trace": "@allure.feature(\"LinkedIn Connection Feature\")\n    @allure.story(\"Open Connection Page\")\n    @allure.title(\"Test Connection Page Functionality\")\n    def test_post():\n        with allure.step(\"Open browser\"):\n            driver = webdriver.Firefox()\n            driver.get(\"https://www.linkedin.com/\")\n    \n        with allure.step(\"Enter username\"):\n            search = driver.find_element(\"id\", \"session_key\")\n            search.send_keys(\"bcanhck29@gmail.com\")\n    \n        with allure.step(\"Enter password\"):\n            search = driver.find_element(\"id\", \"session_password\")\n            search.send_keys(\"qwerty12345\")\n    \n        with allure.step(\"Submit login form\"):\n            search.submit()\n    \n        time.sleep(50)\n    \n        with allure.step(\"Verify Connection Page\"):\n>           search = driver.find_element(\"xpath\",\n                                         \"/html/body/div[5]/div[3]/div/div/div[2]/div/div/div/div/div[1]/div[2]/div/ul/li/a/div\")\n\nConnectionPageTestA.py:27: \n_ _ _ _ _ _ _ _ _ _ _ _ _ _ _ _ _ _ _ _ _ _ _ _ _ _ _ _ _ _ _ _ _ _ _ _ _ _ _ _ _ _ _ _ _ _ _ _ _ _ _ _ _ _ _ _ _ _ _ _ _ _ _ _ _ _ _ _ _ _ _ _ _ _ _ _ _ _ _ _ _ _ _ _ _ _ _ _ _ _\nC:\\Users\\lohit\\PycharmProjects\\pythonProject\\Software_Testing_Mini_Project\\Automation-Test-LinkedIn\\.venv\\lib\\site-packages\\selenium\\webdriver\\remote\\webdriver.py:741: in find_element\n    return self.execute(Command.FIND_ELEMENT, {\"using\": by, \"value\": value})[\"value\"]\nC:\\Users\\lohit\\PycharmProjects\\pythonProject\\Software_Testing_Mini_Project\\Automation-Test-LinkedIn\\.venv\\lib\\site-packages\\selenium\\webdriver\\remote\\webdriver.py:347: in execute\n    self.error_handler.check_response(response)\n_ _ _ _ _ _ _ _ _ _ _ _ _ _ _ _ _ _ _ _ _ _ _ _ _ _ _ _ _ _ _ _ _ _ _ _ _ _ _ _ _ _ _ _ _ _ _ _ _ _ _ _ _ _ _ _ _ _ _ _ _ _ _ _ _ _ _ _ _ _ _ _ _ _ _ _ _ _ _ _ _ _ _ _ _ _ _ _ _ _\n\nself = <selenium.webdriver.remote.errorhandler.ErrorHandler object at 0x000002C2817F92E0>\nresponse = {'status': 404, 'value': '{\"value\":{\"error\":\"no such element\",\"message\":\"Unable to locate element: /html/body/div[5]/d.../content/shared/webdriver/Errors.sys.mjs:509:5\\\\ndom.find/</<@chrome://remote/content/shared/DOM.sys.mjs:136:16\\\\n\"}}'}\n\n    def check_response(self, response: Dict[str, Any]) -> None:\n        \"\"\"Checks that a JSON response from the WebDriver does not have an\n        error.\n    \n        :Args:\n         - response - The JSON response from the WebDriver server as a dictionary\n           object.\n    \n        :Raises: If the response contains an error message.\n        \"\"\"\n        status = response.get(\"status\", None)\n        if not status or status == ErrorCode.SUCCESS:\n            return\n        value = None\n        message = response.get(\"message\", \"\")\n        screen: str = response.get(\"screen\", \"\")\n        stacktrace = None\n        if isinstance(status, int):\n            value_json = response.get(\"value\", None)\n            if value_json and isinstance(value_json, str):\n                import json\n    \n                try:\n                    value = json.loads(value_json)\n                    if len(value) == 1:\n                        value = value[\"value\"]\n                    status = value.get(\"error\", None)\n                    if not status:\n                        status = value.get(\"status\", ErrorCode.UNKNOWN_ERROR)\n                        message = value.get(\"value\") or value.get(\"message\")\n                        if not isinstance(message, str):\n                            value = message\n                            message = message.get(\"message\")\n                    else:\n                        message = value.get(\"message\", None)\n                except ValueError:\n                    pass\n    \n        exception_class: Type[WebDriverException]\n        e = ErrorCode()\n        error_codes = [item for item in dir(e) if not item.startswith(\"__\")]\n        for error_code in error_codes:\n            error_info = getattr(ErrorCode, error_code)\n            if isinstance(error_info, list) and status in error_info:\n                exception_class = getattr(ExceptionMapping, error_code, WebDriverException)\n                break\n        else:\n            exception_class = WebDriverException\n    \n        if not value:\n            value = response[\"value\"]\n        if isinstance(value, str):\n            raise exception_class(value)\n        if message == \"\" and \"message\" in value:\n            message = value[\"message\"]\n    \n        screen = None  # type: ignore[assignment]\n        if \"screen\" in value:\n            screen = value[\"screen\"]\n    \n        stacktrace = None\n        st_value = value.get(\"stackTrace\") or value.get(\"stacktrace\")\n        if st_value:\n            if isinstance(st_value, str):\n                stacktrace = st_value.split(\"\\n\")\n            else:\n                stacktrace = []\n                try:\n                    for frame in st_value:\n                        line = frame.get(\"lineNumber\", \"\")\n                        file = frame.get(\"fileName\", \"<anonymous>\")\n                        if line:\n                            file = f\"{file}:{line}\"\n                        meth = frame.get(\"methodName\", \"<anonymous>\")\n                        if \"className\" in frame:\n                            meth = f\"{frame['className']}.{meth}\"\n                        msg = \"    at %s (%s)\"\n                        msg = msg % (meth, file)\n                        stacktrace.append(msg)\n                except TypeError:\n                    pass\n        if exception_class == UnexpectedAlertPresentException:\n            alert_text = None\n            if \"data\" in value:\n                alert_text = value[\"data\"].get(\"text\")\n            elif \"alert\" in value:\n                alert_text = value[\"alert\"].get(\"text\")\n            raise exception_class(message, screen, stacktrace, alert_text)  # type: ignore[call-arg]  # mypy is not smart enough here\n>       raise exception_class(message, screen, stacktrace)\nE       selenium.common.exceptions.NoSuchElementException: Message: Unable to locate element: /html/body/div[5]/div[3]/div/div/div[2]/div/div/div/div/div[1]/div[2]/div/ul/li/a/div; For documentation on this error, please visit: https://www.selenium.dev/documentation/webdriver/troubleshooting/errors#no-such-element-exception\nE       Stacktrace:\nE       RemoteError@chrome://remote/content/shared/RemoteError.sys.mjs:8:8\nE       WebDriverError@chrome://remote/content/shared/webdriver/Errors.sys.mjs:191:5\nE       NoSuchElementError@chrome://remote/content/shared/webdriver/Errors.sys.mjs:509:5\nE       dom.find/</<@chrome://remote/content/shared/DOM.sys.mjs:136:16\n\nC:\\Users\\lohit\\PycharmProjects\\pythonProject\\Software_Testing_Mini_Project\\Automation-Test-LinkedIn\\.venv\\lib\\site-packages\\selenium\\webdriver\\remote\\errorhandler.py:229: NoSuchElementException"}, "steps": [{"name": "Open browser", "status": "passed", "start": 1710388259335, "stop": 1710388265359}, {"name": "Enter username", "status": "passed", "start": 1710388265359, "stop": 1710388265700}, {"name": "Enter password", "status": "passed", "start": 1710388265700, "stop": 1710388265736}, {"name": "Submit login form", "status": "passed", "start": 1710388265736, "stop": 1710388265757}, {"name": "Verify Connection Page", "status": "broken", "statusDetails": {"message": "selenium.common.exceptions.NoSuchElementException: Message: Unable to locate element: /html/body/div[5]/div[3]/div/div/div[2]/div/div/div/div/div[1]/div[2]/div/ul/li/a/div; For documentation on this error, please visit: https://www.selenium.dev/documentation/webdriver/troubleshooting/errors#no-such-element-exception\nStacktrace:\nRemoteError@chrome://remote/content/shared/RemoteError.sys.mjs:8:8\nWebDriverError@chrome://remote/content/shared/webdriver/Errors.sys.mjs:191:5\nNoSuchElementError@chrome://remote/content/shared/webdriver/Errors.sys.mjs:509:5\ndom.find/</<@chrome://remote/content/shared/DOM.sys.mjs:136:16\n\n", "trace": "  File \"C:\\Users\\lohit\\OneDrive\\Documents\\GitHub\\Software_Testing_Mini_Project\\Automation-Test-LinkedIn\\ConnectionPageTestA.py\", line 27, in test_post\n    search = driver.find_element(\"xpath\",\n  File \"C:\\Users\\lohit\\PycharmProjects\\pythonProject\\Software_Testing_Mini_Project\\Automation-Test-LinkedIn\\.venv\\lib\\site-packages\\selenium\\webdriver\\remote\\webdriver.py\", line 741, in find_element\n    return self.execute(Command.FIND_ELEMENT, {\"using\": by, \"value\": value})[\"value\"]\n  File \"C:\\Users\\lohit\\PycharmProjects\\pythonProject\\Software_Testing_Mini_Project\\Automation-Test-LinkedIn\\.venv\\lib\\site-packages\\selenium\\webdriver\\remote\\webdriver.py\", line 347, in execute\n    self.error_handler.check_response(response)\n  File \"C:\\Users\\lohit\\PycharmProjects\\pythonProject\\Software_Testing_Mini_Project\\Automation-Test-LinkedIn\\.venv\\lib\\site-packages\\selenium\\webdriver\\remote\\errorhandler.py\", line 229, in check_response\n    raise exception_class(message, screen, stacktrace)\n"}, "start": 1710388315763, "stop": 1710388315767}], "start": 1710388259335, "stop": 1710388315769, "uuid": "047d690e-fb93-47b1-ba2d-1e5f74f7c4be", "historyId": "7aa2d7189c9a2d0799cf50feeb223983", "testCaseId": "7aa2d7189c9a2d0799cf50feeb223983", "fullName": "ConnectionPageTestA#test_post", "labels": [{"name": "feature", "value": "LinkedIn Connection Feature"}, {"name": "story", "value": "Open Connection Page"}, {"name": "suite", "value": "ConnectionPageTestA"}, {"name": "host", "value": "ASUSA15"}, {"name": "thread", "value": "21724-MainThread"}, {"name": "framework", "value": "pytest"}, {"name": "language", "value": "cpython3"}, {"name": "package", "value": "ConnectionPageTestA"}]}