{"name": "Test Login Functionality", "status": "failed", "statusDetails": {"message": "AssertionError: assert 'LinkedIn Log...in | LinkedIn' == 'LinkedIn'\n  \n  - LinkedIn\n  + LinkedIn Login, Sign in | LinkedIn", "trace": "@allure.feature(\"Login Failure Feature\")\n    @allure.story(\"Successful Login\")\n    @allure.title(\"Test Login Functionality\")\n    def test_login():\n        with allure.step(\"Open browser\"):\n            driver = webdriver.Firefox()\n            driver.get(\"https://www.linkedin.com/\")\n    \n        with allure.step(\"Enter username\"):\n            search = driver.find_element(\"id\", \"session_key\")\n            search.send_keys(\"lohit.k2307@gmail.com\")\n    \n        with allure.step(\"Enter password\"):\n            search = driver.find_element(\"id\", \"session_password\")\n            search.send_keys(\"qwerty12345\")\n    \n        with allure.step(\"Submit login form\"):\n            search.submit()\n    \n        time.sleep(5)\n        with allure.step(\"Verify login\"):\n>           assert driver.title == \"LinkedIn\"\nE           AssertionError: assert 'LinkedIn Log...in | LinkedIn' == 'LinkedIn'\nE             \nE             - LinkedIn\nE             + LinkedIn Login, Sign in | LinkedIn\n\n..\\..\\..\\..\\OneDrive\\Documents\\GitHub\\Software_Testing_Mini_Project\\Automation-Test-LinkedIn\\LoginTestAF.py:26: AssertionError"}, "steps": [{"name": "Open browser", "status": "passed", "start": 1711636720403, "stop": 1711636726719}, {"name": "Enter username", "status": "passed", "start": 1711636726719, "stop": 1711636727065}, {"name": "Enter password", "status": "passed", "start": 1711636727065, "stop": 1711636727077}, {"name": "Submit login form", "status": "passed", "start": 1711636727077, "stop": 1711636727156}, {"name": "Verify login", "status": "failed", "statusDetails": {"message": "AssertionError: assert 'LinkedIn Log...in | LinkedIn' == 'LinkedIn'\n  \n  - LinkedIn\n  + LinkedIn Login, Sign in | LinkedIn\n", "trace": "  File \"C:\\Users\\lohit\\OneDrive\\Documents\\GitHub\\Software_Testing_Mini_Project\\Automation-Test-LinkedIn\\LoginTestAF.py\", line 26, in test_login\n    assert driver.title == \"LinkedIn\"\n"}, "start": 1711636732164, "stop": 1711636732165}], "start": 1711636720403, "stop": 1711636732166, "uuid": "805e6a37-76ae-407a-a267-2f87a3b3977c", "historyId": "918a8a19838acabf0e6be1dc2826a055", "testCaseId": "918a8a19838acabf0e6be1dc2826a055", "fullName": "OneDrive.Documents.GitHub.Software_Testing_Mini_Project.Automation-Test-LinkedIn.LoginTestAF#test_login", "labels": [{"name": "story", "value": "Successful Login"}, {"name": "feature", "value": "Login Failure Feature"}, {"name": "parentSuite", "value": "OneDrive.Documents.GitHub.Software_Testing_Mini_Project.Automation-Test-LinkedIn"}, {"name": "suite", "value": "LoginTestAF"}, {"name": "host", "value": "ASUSA15"}, {"name": "thread", "value": "24940-MainThread"}, {"name": "framework", "value": "pytest"}, {"name": "language", "value": "cpython3"}, {"name": "package", "value": "OneDrive.Documents.GitHub.Software_Testing_Mini_Project.Automation-Test-LinkedIn.LoginTestAF"}]}