{"name": "Test Login Functionality", "status": "failed", "statusDetails": {"message": "AssertionError: assert 'LinkedIn Log...in | LinkedIn' == 'LinkedIn'\n  \n  - LinkedIn\n  + LinkedIn Login, Sign in | LinkedIn", "trace": "@allure.feature(\"Login Failure Feature\")\n    @allure.story(\"Successful Login\")\n    @allure.title(\"Test Login Functionality\")\n    def test_login():\n        with allure.step(\"Open browser\"):\n            driver = webdriver.Firefox()\n            driver.get(\"https://www.linkedin.com/\")\n    \n        with allure.step(\"Enter username\"):\n            search = driver.find_element(\"id\", \"session_key\")\n            search.send_keys(\"lohit.k2307@gmail.com\")\n    \n        with allure.step(\"Enter password\"):\n            search = driver.find_element(\"id\", \"session_password\")\n            search.send_keys(\"qwerty12345\")\n    \n        with allure.step(\"Submit login form\"):\n            search.submit()\n    \n        time.sleep(5)\n        with allure.step(\"Verify login\"):\n>           assert driver.title == \"LinkedIn\"\nE           AssertionError: assert 'LinkedIn Log...in | LinkedIn' == 'LinkedIn'\nE             \nE             - LinkedIn\nE             + LinkedIn Login, Sign in | LinkedIn\n\nAutomation-Test-LinkedIn\\LoginTestAF.py:26: AssertionError"}, "steps": [{"name": "Open browser", "status": "passed", "start": 1710360172521, "stop": 1710360178257}, {"name": "Enter username", "status": "passed", "start": 1710360178257, "stop": 1710360178518}, {"name": "Enter password", "status": "passed", "start": 1710360178518, "stop": 1710360178559}, {"name": "Submit login form", "status": "passed", "start": 1710360178559, "stop": 1710360178639}, {"name": "Verify login", "status": "failed", "statusDetails": {"message": "AssertionError: assert 'LinkedIn Log...in | LinkedIn' == 'LinkedIn'\n  \n  - LinkedIn\n  + LinkedIn Login, Sign in | LinkedIn\n", "trace": "  File \"C:\\Users\\lohit\\OneDrive\\Documents\\GitHub\\Software_Testing_Mini_Project\\Automation-Test-LinkedIn\\LoginTestAF.py\", line 26, in test_login\n    assert driver.title == \"LinkedIn\"\n"}, "start": 1710360183650, "stop": 1710360183652}], "start": 1710360172521, "stop": 1710360183652, "uuid": "147f9f75-ec8c-4aac-952f-3848e0a6754b", "historyId": "eab0d3d6a65f1a12fc8b85e95497a861", "testCaseId": "eab0d3d6a65f1a12fc8b85e95497a861", "fullName": "Automation-Test-LinkedIn.LoginTestAF#test_login", "labels": [{"name": "story", "value": "Successful Login"}, {"name": "feature", "value": "Login Failure Feature"}, {"name": "parentSuite", "value": "Automation-Test-LinkedIn"}, {"name": "suite", "value": "LoginTestAF"}, {"name": "host", "value": "ASUSA15"}, {"name": "thread", "value": "31636-MainThread"}, {"name": "framework", "value": "pytest"}, {"name": "language", "value": "cpython3"}, {"name": "package", "value": "Automation-Test-LinkedIn.LoginTestAF"}]}