{"name": "Test Login Functionality", "status": "failed", "statusDetails": {"message": "AssertionError: assert 'LinkedIn Log...in | LinkedIn' == 'LinkedIn'\n  \n  - LinkedIn\n  + LinkedIn Login, Sign in | LinkedIn", "trace": "@allure.feature(\"Login Feature\")\n    @allure.story(\"Successful Login\")\n    @allure.title(\"Test Login Functionality\")\n    def test_login():\n        with allure.step(\"Open browser\"):\n            driver = webdriver.Firefox()\n            driver.get(\"https://www.linkedin.com/\")\n    \n        with allure.step(\"Enter username\"):\n            search = driver.find_element(\"id\", \"session_key\")\n            search.send_keys(\"lohit.k2307@gmail.com\")\n    \n        with allure.step(\"Enter password\"):\n            search = driver.find_element(\"id\", \"session_password\")\n            search.send_keys(\"qwerty12345\")\n    \n        with allure.step(\"Submit login form\"):\n            search.submit()\n    \n        time.sleep(5)\n        with allure.step(\"Verify login\"):\n>           assert driver.title == \"LinkedIn\"\nE           AssertionError: assert 'LinkedIn Log...in | LinkedIn' == 'LinkedIn'\nE             \nE             - LinkedIn\nE             + LinkedIn Login, Sign in | LinkedIn\n\nAutomation-Test-LinkedIn\\LoginTestAF.py:26: AssertionError"}, "steps": [{"name": "Open browser", "status": "passed", "start": 1710360094838, "stop": 1710360100663}, {"name": "Enter username", "status": "passed", "start": 1710360100663, "stop": 1710360100978}, {"name": "Enter password", "status": "passed", "start": 1710360100978, "stop": 1710360101048}, {"name": "Submit login form", "status": "passed", "start": 1710360101048, "stop": 1710360101106}, {"name": "Verify login", "status": "failed", "statusDetails": {"message": "AssertionError: assert 'LinkedIn Log...in | LinkedIn' == 'LinkedIn'\n  \n  - LinkedIn\n  + LinkedIn Login, Sign in | LinkedIn\n", "trace": "  File \"C:\\Users\\lohit\\OneDrive\\Documents\\GitHub\\Software_Testing_Mini_Project\\Automation-Test-LinkedIn\\LoginTestAF.py\", line 26, in test_login\n    assert driver.title == \"LinkedIn\"\n"}, "start": 1710360106118, "stop": 1710360106120}], "start": 1710360094838, "stop": 1710360106120, "uuid": "5dc0705e-3e52-4221-8e74-335a2a94a9fa", "historyId": "eab0d3d6a65f1a12fc8b85e95497a861", "testCaseId": "eab0d3d6a65f1a12fc8b85e95497a861", "fullName": "Automation-Test-LinkedIn.LoginTestAF#test_login", "labels": [{"name": "story", "value": "Successful Login"}, {"name": "feature", "value": "Login Feature"}, {"name": "parentSuite", "value": "Automation-Test-LinkedIn"}, {"name": "suite", "value": "LoginTestAF"}, {"name": "host", "value": "ASUSA15"}, {"name": "thread", "value": "22516-MainThread"}, {"name": "framework", "value": "pytest"}, {"name": "language", "value": "cpython3"}, {"name": "package", "value": "Automation-Test-LinkedIn.LoginTestAF"}]}